<?xml version='1.0' encoding='UTF-8'?>
<testsuite hostname="Joes-Laptop.local" name="Week2.Wednesday.TwoNumbersSpec" tests="8" errors="0" failures="0" skipped="0" time="0.005" timestamp="2024-07-10T11:58:16">
          <properties>
      <property name="awt.toolkit" value="sun.lwawt.macosx.LWCToolkit"/><property name="java.specification.version" value="11"/><property name="sun.cpu.isalist" value=""/><property name="sun.jnu.encoding" value="UTF-8"/><property name="sun.arch.data.model" value="64"/><property name="java.vendor.url" value="https://openjdk.java.net/"/><property name="sun.boot.library.path" value="/Library/Java/JavaVirtualMachines/jdk-11.jdk/Contents/Home/lib"/><property name="sun.java.command" value="/opt/homebrew/Cellar/sbt/1.10.0/libexec/bin/sbt-launch.jar test"/><property name="jdk.debug" value="release"/><property name="java.specification.vendor" value="Oracle Corporation"/><property name="java.version.date" value="2024-01-16"/><property name="java.home" value="/Library/Java/JavaVirtualMachines/jdk-11.jdk/Contents/Home"/><property name="file.separator" value="/"/><property name="java.vm.compressedOopsMode" value="Zero based"/><property name="line.separator" value="
"/><property name="java.specification.name" value="Java Platform API Specification"/><property name="java.vm.specification.vendor" value="Oracle Corporation"/><property name="sun.management.compiler" value="HotSpot 64-Bit Tiered Compilers"/><property name="java.runtime.version" value="11.0.22+9-LTS-219"/><property name="user.name" value="joe.higgs"/><property name="log4j.ignoreTCL" value="true"/><property name="file.encoding" value="UTF-8"/><property name="java.vendor.version" value="18.9"/><property name="java.io.tmpdir" value="/var/folders/f_/lp3v9tns4_b1zj_bhj5zrq440000gn/T/"/><property name="java.version" value="11.0.22"/><property name="java.vm.specification.name" value="Java Virtual Machine Specification"/><property name="java.awt.printerjob" value="sun.lwawt.macosx.CPrinterJob"/><property name="sun.os.patch.level" value="unknown"/><property name="java.library.path" value="/Users/joe.higgs/Library/Java/Extensions:/Library/Java/Extensions:/Network/Library/Java/Extensions:/System/Library/Java/Extensions:/usr/lib/java:."/><property name="java.vendor" value="Oracle Corporation"/><property name="java.specification.maintenance.version" value="2"/><property name="scala.ext.dirs" value="/Users/joe.higgs/.sbt/1.0/java9-rt-ext-oracle_corporation_11_0_22"/><property name="sun.io.unicode.encoding" value="UnicodeBig"/><property name="socksNonProxyHosts" value="local|*.local|169.254/16|*.169.254/16"/><property name="gopherProxySet" value="false"/><property name="java.class.path" value="/opt/homebrew/Cellar/sbt/1.10.0/libexec/bin/sbt-launch.jar"/><property name="java.vm.vendor" value="Oracle Corporation"/><property name="jline.shutdownhook" value="false"/><property name="user.timezone" value="Europe/London"/><property name="os.name" value="Mac OS X"/><property name="java.vm.specification.version" value="11"/><property name="sun.java.launcher" value="SUN_STANDARD"/><property name="user.country" value="GB"/><property name="http.nonProxyHosts" value="local|*.local|169.254/16|*.169.254/16"/><property name="sun.cpu.endian" value="little"/><property name="user.home" value="/Users/joe.higgs"/><property name="user.language" value="en"/><property name="sbt.script" value="/opt/homebrew/Cellar/sbt/1.10.0/libexec/bin/sbt"/><property name="sbt.ipcsocket.tmpdir" value="/var/folders/f_/lp3v9tns4_b1zj_bhj5zrq440000gn/T/.sbt60b46d44/ipcsocket"/><property name="swoval.tmpdir" value="/var/folders/f_/lp3v9tns4_b1zj_bhj5zrq440000gn/T/.sbt60b46d44/swoval"/><property name="java.awt.graphicsenv" value="sun.awt.CGraphicsEnvironment"/><property name="jline.esc.timeout" value="0"/><property name="ftp.nonProxyHosts" value="local|*.local|169.254/16|*.169.254/16"/><property name="path.separator" value=":"/><property name="os.version" value="14.5"/><property name="jna.nosys" value="true"/><property name="java.runtime.name" value="Java(TM) SE Runtime Environment"/><property name="java.vm.name" value="Java HotSpot(TM) 64-Bit Server VM"/><property name="java.vendor.url.bug" value="https://bugreport.java.com/bugreport/"/><property name="user.dir" value="/Users/joe.higgs/Documents/Training/Mercator-Scala-Training"/><property name="os.arch" value="aarch64"/><property name="java.vm.info" value="mixed mode"/><property name="java.vm.version" value="11.0.22+9-LTS-219"/><property name="java.class.version" value="55.0"/>
    </properties>
          <testcase classname="Week2.Wednesday.TwoNumbersSpec" name="add should add numbers" time="0.005">
                      
                    </testcase><testcase classname="Week2.Wednesday.TwoNumbersSpec" name="subtractYFromX should subtract numbers" time="0.0">
                      
                    </testcase><testcase classname="Week2.Wednesday.TwoNumbersSpec" name="subtractXFromY should subtract numbers" time="0.0">
                      
                    </testcase><testcase classname="Week2.Wednesday.TwoNumbersSpec" name="multiply should multiply numbers" time="0.0">
                      
                    </testcase><testcase classname="Week2.Wednesday.TwoNumbersSpec" name="divide should divide numbers" time="0.0">
                      
                    </testcase><testcase classname="Week2.Wednesday.TwoNumbersSpec" name="isAMultiple should return true when x is a multiple of y" time="0.0">
                      
                    </testcase><testcase classname="Week2.Wednesday.TwoNumbersSpec" name="isAMultiple should return false when x is not a multiple of y" time="0.0">
                      
                    </testcase><testcase classname="Week2.Wednesday.TwoNumbersSpec" name="isAMultiple should throw IllegalArgumentException when y is 0" time="0.0">
                      
                    </testcase>
          <system-out><![CDATA[]]></system-out>
          <system-err><![CDATA[]]></system-err>
        </testsuite>